<?xml version="1.0" encoding="UTF-8"?>
<!-- Generated by org.testng.reporters.JUnitReportReporter -->
<testsuite hostname="LAPTOP-EUJ9HT1D" failures="0" tests="1" name="sample_package.FirstTest" time="12.965" errors="0" timestamp="2021-08-08T16:09:35 IST" skipped="0">
  <testcase classname="sample_package.FirstTest" name="test" time="12.965"/>
  <system-out/>
</testsuite> <!-- sample_package.FirstTest -->
