<?xml version="1.0" encoding="UTF-8"?>
<!-- Generated by org.testng.reporters.JUnitReportReporter -->
<testsuite hostname="LAPTOP-EUJ9HT1D" failures="0" tests="3" name="grouping_tcs.WithPriority" time="0.009" errors="0" timestamp="2021-08-05T11:46:37 IST" skipped="0">
  <testcase classname="grouping_tcs.WithPriority" name="c" time="0.007"/>
  <system-out/>
  <testcase classname="grouping_tcs.WithPriority" name="b" time="0.001"/>
  <system-out/>
  <testcase classname="grouping_tcs.WithPriority" name="a" time="0.001"/>
  <system-out/>
</testsuite> <!-- grouping_tcs.WithPriority -->
