<?xml version="1.0" encoding="UTF-8"?>
<!-- Generated by org.testng.reporters.JUnitReportReporter -->
<testsuite hostname="LAPTOP-EUJ9HT1D" failures="0" tests="6" name="grouping_tcs.CombinationOfWithWithoutDuplicatePriority" time="0.013" errors="0" timestamp="2021-08-05T12:05:44 IST" skipped="0">
  <testcase classname="grouping_tcs.CombinationOfWithWithoutDuplicatePriority" name="c" time="0.002"/>
  <system-out/>
  <testcase classname="grouping_tcs.CombinationOfWithWithoutDuplicatePriority" name="d" time="0.001"/>
  <system-out/>
  <testcase classname="grouping_tcs.CombinationOfWithWithoutDuplicatePriority" name="b" time="0.007"/>
  <system-out/>
  <testcase classname="grouping_tcs.CombinationOfWithWithoutDuplicatePriority" name="f" time="0.001"/>
  <system-out/>
  <testcase classname="grouping_tcs.CombinationOfWithWithoutDuplicatePriority" name="e" time="0.001"/>
  <system-out/>
  <testcase classname="grouping_tcs.CombinationOfWithWithoutDuplicatePriority" name="a" time="0.001"/>
  <system-out/>
</testsuite> <!-- grouping_tcs.CombinationOfWithWithoutDuplicatePriority -->
