<?xml version="1.0" encoding="UTF-8"?>
<!-- Generated by org.testng.reporters.JUnitReportReporter -->
<testsuite hostname="LAPTOP-EUJ9HT1D" failures="0" tests="1" name="sample_package.SecondTest" time="6.674" errors="0" timestamp="2021-08-08T15:50:22 IST" skipped="0">
  <testcase classname="sample_package.SecondTest" name="test" time="6.674"/>
  <system-out/>
</testsuite> <!-- sample_package.SecondTest -->
