<?xml version="1.0" encoding="UTF-8"?>
<!-- Generated by org.testng.reporters.JUnitReportReporter -->
<testsuite hostname="LAPTOP-EUJ9HT1D" failures="0" tests="3" name="grouping_tcs.WithoutPriority" time="0.010" errors="0" timestamp="2021-08-07T16:11:32 IST" skipped="0">
  <testcase classname="grouping_tcs.WithoutPriority" name="a" time="0.008"/>
  <system-out/>
  <testcase classname="grouping_tcs.WithoutPriority" name="b" time="0.001"/>
  <system-out/>
  <testcase classname="grouping_tcs.WithoutPriority" name="c" time="0.001"/>
  <system-out/>
</testsuite> <!-- grouping_tcs.WithoutPriority -->
