<?xml version="1.0" encoding="UTF-8"?>
<!-- Generated by org.testng.reporters.JUnitReportReporter -->
<testsuite hostname="LAPTOP-EUJ9HT1D" failures="0" tests="3" name="grouping_tcs.TestNG_Grouping" time="0.009" errors="0" timestamp="2021-08-05T12:23:11 IST" skipped="0">
  <testcase classname="grouping_tcs.TestNG_Grouping" name="methodThree" time="0.001"/>
  <system-out/>
  <testcase classname="grouping_tcs.TestNG_Grouping" name="methodTwo" time="0.001"/>
  <system-out/>
  <testcase classname="grouping_tcs.TestNG_Grouping" name="methodOne" time="0.007"/>
  <system-out/>
</testsuite> <!-- grouping_tcs.TestNG_Grouping -->
