<?xml version="1.0" encoding="UTF-8"?>
<!-- Generated by org.testng.reporters.JUnitReportReporter -->
<testsuite hostname="LAPTOP-EUJ9HT1D" failures="0" tests="2" name="grouping_tcs.AnnotationsSequence" time="0.006" errors="0" timestamp="2021-08-05T12:11:49 IST" skipped="0">
  <testcase classname="grouping_tcs.AnnotationsSequence" name="testCase2" time="0.002"/>
  <system-out/>
  <testcase classname="grouping_tcs.AnnotationsSequence" name="testCase1" time="0.004"/>
  <system-out/>
</testsuite> <!-- grouping_tcs.AnnotationsSequence -->
