<?xml version="1.0" encoding="UTF-8"?>
<!-- Generated by org.testng.reporters.JUnitReportReporter -->
<testsuite hostname="LAPTOP-EUJ9HT1D" failures="0" tests="1" name="sample_package.ScreenshotCaptureTest" time="8.902" errors="0" timestamp="2021-08-09T12:34:47 IST" skipped="0">
  <testcase classname="sample_package.ScreenshotCaptureTest" name="testGuru99TakeScreenShot" time="8.902"/>
  <system-out/>
</testsuite> <!-- sample_package.ScreenshotCaptureTest -->
