<?xml version="1.0" encoding="UTF-8"?>
<!-- Generated by org.testng.reporters.JUnitReportReporter -->
<testsuite hostname="LAPTOP-EUJ9HT1D" failures="0" tests="1" name="database.ConnectMySQLDatabase" time="0.431" errors="0" timestamp="2021-08-12T05:25:22 IST" skipped="0">
  <testcase classname="database.ConnectMySQLDatabase" name="test_Delete" time="0.431"/>
  <system-out/>
</testsuite> <!-- database.ConnectMySQLDatabase -->
